SF:lib/services/api.dart
DA:20,5
DA:33,0
DA:34,0
DA:35,0
DA:47,1
DA:49,2
DA:50,1
DA:51,5
DA:53,3
DA:54,0
DA:55,0
DA:59,1
DA:61,2
DA:62,1
DA:64,5
DA:65,2
DA:70,0
DA:76,1
DA:78,2
DA:79,0
DA:80,0
DA:81,0
DA:83,0
DA:84,0
DA:85,0
DA:86,0
DA:88,0
DA:90,0
DA:94,0
DA:95,0
DA:96,0
DA:98,0
DA:99,0
DA:103,1
DA:104,2
DA:105,1
DA:107,1
DA:109,1
DA:111,2
DA:112,2
DA:113,2
DA:114,1
DA:117,3
DA:118,1
DA:119,1
DA:120,1
DA:121,2
DA:122,0
DA:124,0
DA:135,1
DA:138,2
DA:139,1
DA:141,1
DA:143,1
DA:145,2
DA:146,2
DA:147,2
DA:148,1
DA:150,3
DA:151,1
DA:152,1
DA:154,4
DA:158,1
DA:160,2
DA:164,1
DA:166,2
DA:167,1
DA:169,4
DA:170,1
DA:172,2
DA:173,2
DA:174,2
DA:175,1
DA:178,1
DA:179,3
DA:181,1
DA:182,3
DA:183,3
DA:185,0
DA:192,1
DA:194,2
DA:195,2
DA:197,1
DA:199,2
DA:200,1
DA:203,4
DA:204,1
DA:206,2
DA:207,2
DA:208,2
DA:209,3
DA:210,1
DA:213,3
DA:215,2
DA:219,0
DA:221,0
DA:222,0
DA:225,0
DA:226,0
DA:228,0
DA:229,0
DA:237,0
DA:238,0
DA:240,0
DA:241,0
DA:242,0
DA:244,0
DA:250,2
DA:252,4
DA:254,1
DA:258,1
DA:260,2
DA:261,2
DA:262,2
DA:263,1
DA:265,1
DA:267,3
DA:269,1
DA:270,1
DA:272,4
DA:274,4
DA:277,4
DA:279,8
DA:281,1
DA:285,1
DA:287,2
DA:288,2
DA:289,2
DA:290,0
DA:292,3
DA:294,1
DA:295,1
DA:299,1
DA:316,1
DA:317,1
DA:318,1
DA:319,1
DA:320,0
DA:321,0
DA:322,0
DA:323,0
DA:324,0
DA:325,0
DA:328,0
DA:383,1
DA:384,2
DA:386,3
DA:388,1
DA:390,2
DA:392,2
DA:393,0
DA:396,3
DA:397,1
DA:398,2
DA:399,3
DA:400,4
DA:402,1
DA:408,1
DA:409,1
DA:410,2
DA:411,1
DA:412,1
DA:413,2
DA:414,4
DA:415,2
DA:418,1
DA:423,1
DA:424,2
DA:426,1
DA:428,1
DA:430,1
DA:432,2
DA:433,2
DA:434,2
DA:435,0
DA:437,3
DA:439,1
DA:440,1
DA:442,4
DA:444,4
DA:447,1
DA:448,2
DA:450,1
DA:452,1
DA:454,1
DA:456,2
DA:457,2
DA:458,2
DA:461,3
DA:463,1
DA:464,1
DA:468,1
DA:471,1
DA:472,2
DA:474,1
DA:476,1
DA:478,1
DA:480,2
DA:481,2
DA:482,2
DA:485,3
DA:487,1
DA:488,1
DA:492,1
LF:204
LH:158
end_of_record
SF:lib/services/data.dart
DA:8,3
DA:9,0
DA:15,3
DA:16,3
DA:17,6
DA:19,1
DA:20,1
DA:21,1
DA:27,3
DA:28,9
DA:29,3
DA:31,5
DA:33,6
DA:34,1
DA:36,5
DA:37,3
DA:38,3
DA:39,4
DA:42,0
DA:47,1
DA:48,3
DA:49,5
DA:52,1
DA:53,3
DA:54,5
DA:57,0
DA:58,0
DA:59,0
DA:60,0
DA:63,0
DA:64,0
DA:65,0
DA:68,0
DA:69,0
DA:70,0
DA:75,0
DA:80,0
DA:95,1
DA:96,3
DA:97,1
DA:98,9
DA:102,1
DA:103,3
DA:104,1
DA:105,9
DA:109,2
DA:110,6
DA:111,1
DA:112,6
DA:113,1
DA:114,5
DA:116,2
DA:120,2
DA:121,2
DA:122,14
DA:124,1
DA:126,2
DA:131,1
DA:132,3
DA:133,1
DA:134,6
DA:135,1
DA:136,1
DA:137,1
DA:138,2
DA:139,1
DA:140,1
DA:141,4
DA:143,0
DA:147,2
LF:70
LH:55
end_of_record
SF:lib/models/MyStorage.dart
DA:9,5
DA:12,1
DA:14,2
DA:15,4
DA:16,8
LF:5
LH:5
end_of_record
SF:lib/models/question_model.dart
DA:7,2
LF:1
LH:1
end_of_record
SF:lib/services/questionApi.dart
DA:15,9
DA:18,3
DA:19,9
DA:22,1
DA:23,1
DA:26,2
DA:27,2
DA:28,2
DA:29,2
DA:30,2
DA:34,1
DA:35,1
DA:36,1
DA:37,1
DA:38,1
DA:39,1
DA:40,1
DA:41,1
DA:43,3
DA:44,1
DA:45,1
DA:50,1
DA:51,1
DA:52,1
DA:53,1
DA:54,1
DA:56,3
DA:57,1
DA:58,1
DA:63,1
DA:64,4
DA:65,3
DA:66,1
DA:67,1
DA:72,1
DA:73,1
DA:74,2
DA:75,1
DA:76,1
DA:79,4
DA:84,1
DA:85,1
DA:86,2
DA:87,1
DA:88,1
DA:91,4
DA:96,1
DA:97,1
DA:98,2
DA:99,1
DA:100,1
DA:103,4
DA:108,2
DA:109,4
DA:111,4
DA:112,4
DA:113,2
DA:114,1
DA:115,0
DA:116,2
DA:117,0
DA:118,1
DA:120,8
DA:129,2
DA:130,4
DA:131,2
DA:132,4
DA:133,2
DA:135,1
DA:136,0
DA:137,2
DA:138,0
DA:139,1
DA:140,8
DA:144,1
DA:146,2
DA:148,1
DA:149,2
DA:150,0
DA:152,1
DA:154,4
DA:156,2
DA:157,1
DA:158,0
DA:159,2
DA:160,0
DA:161,1
DA:162,6
DA:166,2
DA:167,4
DA:168,2
DA:170,2
DA:171,0
DA:173,1
DA:175,4
DA:176,2
DA:177,1
DA:178,0
DA:179,2
DA:180,0
DA:181,1
DA:182,6
DA:186,2
DA:187,4
DA:189,4
DA:190,4
DA:191,2
DA:192,2
DA:193,0
DA:195,1
DA:197,1
DA:198,0
DA:199,2
DA:200,0
DA:201,1
DA:203,6
DA:212,2
DA:213,4
DA:214,5
DA:215,2
DA:216,1
DA:217,1
DA:218,1
DA:219,4
DA:220,3
DA:221,9
LF:126
LH:113
end_of_record
SF:lib/screens/languages.dart
DA:4,2
DA:6,1
DA:7,1
DA:11,1
DA:13,1
DA:14,1
DA:15,1
DA:16,1
DA:17,1
DA:18,1
LF:10
LH:10
end_of_record
SF:lib/screens/leaderboard_page.dart
DA:13,4
DA:14,4
DA:17,1
DA:18,3
DA:22,1
DA:23,1
DA:25,2
DA:26,2
DA:30,2
DA:32,2
DA:33,2
DA:34,2
DA:35,2
DA:38,2
DA:39,2
DA:42,2
DA:43,0
DA:44,0
DA:45,0
DA:46,0
DA:47,0
DA:48,0
DA:49,0
DA:51,0
DA:52,0
DA:53,0
DA:54,0
DA:55,0
DA:56,0
DA:57,0
DA:58,0
DA:59,0
DA:61,0
DA:63,0
DA:64,0
DA:65,0
DA:66,0
DA:67,0
DA:68,0
DA:69,0
DA:72,0
DA:73,0
DA:74,0
DA:78,0
DA:79,0
DA:80,0
DA:81,0
DA:82,0
DA:83,0
DA:84,0
DA:85,0
DA:91,0
DA:92,0
DA:93,0
DA:98,0
DA:99,0
DA:107,0
DA:108,0
DA:116,0
DA:118,0
DA:119,0
DA:123,2
DA:124,2
DA:125,0
DA:126,0
DA:128,2
DA:130,2
DA:131,2
DA:132,6
DA:133,2
DA:134,2
DA:135,1
DA:136,1
DA:137,1
DA:138,1
DA:139,1
DA:143,1
DA:144,3
DA:145,1
DA:146,3
DA:147,3
DA:148,1
DA:149,1
DA:150,1
DA:151,1
DA:154,1
DA:155,1
DA:156,1
DA:160,1
DA:161,3
DA:162,1
DA:163,1
DA:164,2
DA:165,1
DA:166,3
DA:167,1
DA:173,2
DA:174,8
DA:175,1
DA:180,7
DA:181,1
DA:189,1
DA:190,1
DA:197,1
DA:202,2
DA:214,2
DA:218,2
DA:220,2
DA:221,2
DA:222,4
DA:223,4
DA:224,0
DA:225,4
DA:226,10
DA:227,2
DA:230,2
DA:231,2
DA:232,2
DA:233,10
DA:234,2
DA:235,2
DA:236,2
DA:237,2
DA:238,2
DA:240,2
DA:243,2
DA:244,2
DA:245,2
DA:249,2
DA:250,2
DA:251,2
DA:253,2
DA:259,14
DA:260,2
DA:265,12
DA:270,2
DA:271,2
DA:272,10
DA:273,2
DA:274,2
DA:275,2
DA:276,2
DA:278,2
DA:281,2
DA:282,2
DA:283,2
DA:287,2
DA:288,2
DA:289,2
DA:291,2
DA:297,14
DA:298,2
DA:303,12
DA:308,2
DA:309,2
DA:310,10
DA:311,2
DA:312,2
DA:313,2
DA:314,2
DA:315,2
DA:317,2
DA:320,2
DA:321,2
DA:322,2
DA:326,2
DA:327,2
DA:328,2
DA:330,2
DA:336,14
DA:337,2
DA:342,12
LF:172
LH:124
end_of_record
SF:lib/controllers/question_controller.dart
DA:17,2
DA:18,4
DA:19,2
DA:20,2
DA:21,2
DA:24,1
DA:25,1
DA:28,1
DA:29,1
DA:32,2
DA:33,2
DA:36,1
DA:37,6
DA:38,6
DA:39,2
DA:41,3
DA:43,2
LF:17
LH:17
end_of_record
SF:lib/controllers/timer_controller.dart
DA:16,2
DA:17,0
DA:21,2
DA:22,2
DA:26,2
DA:30,6
DA:31,8
DA:32,4
DA:34,2
DA:39,8
DA:40,2
DA:43,1
DA:44,1
DA:45,2
DA:48,0
DA:50,0
DA:53,1
DA:54,2
DA:57,1
DA:59,2
DA:63,4
DA:67,1
DA:69,2
DA:70,1
LF:24
LH:21
end_of_record
SF:lib/screens/questionpage.dart
DA:19,0
DA:20,0
DA:21,0
DA:22,3
DA:23,0
DA:24,0
DA:27,0
DA:29,0
DA:32,0
DA:33,0
DA:35,0
DA:41,2
DA:43,1
DA:44,1
DA:57,1
DA:59,2
DA:60,1
DA:62,3
DA:63,0
DA:64,3
DA:65,4
DA:67,0
DA:68,5
DA:69,5
DA:70,3
DA:71,2
DA:72,2
DA:75,0
DA:76,0
DA:77,0
DA:78,0
DA:82,1
DA:84,1
DA:85,2
DA:86,1
DA:87,1
DA:88,1
DA:89,2
DA:90,2
DA:91,1
DA:92,4
DA:93,2
DA:94,1
DA:97,2
DA:98,1
DA:101,1
DA:102,1
DA:103,2
DA:104,2
DA:106,1
DA:107,1
DA:108,0
DA:109,0
DA:110,0
DA:111,0
DA:112,0
DA:113,0
DA:115,0
DA:116,0
DA:117,0
DA:118,0
DA:119,0
DA:120,0
DA:123,0
DA:124,0
DA:127,0
DA:128,0
DA:129,0
DA:130,0
DA:131,0
DA:132,0
DA:134,0
DA:135,0
DA:144,0
DA:150,0
DA:152,0
DA:153,0
DA:154,0
DA:155,0
DA:158,0
DA:159,0
DA:160,0
DA:161,0
DA:163,0
DA:168,0
DA:172,0
DA:173,0
DA:174,0
DA:176,0
DA:177,0
DA:178,0
DA:179,0
DA:180,0
DA:183,0
DA:184,0
DA:189,0
DA:190,0
DA:194,0
DA:195,0
DA:196,0
DA:197,0
DA:198,0
DA:199,0
DA:200,0
DA:201,0
DA:203,0
DA:206,0
DA:207,0
DA:208,0
DA:209,0
DA:211,0
DA:213,0
DA:214,0
DA:215,0
DA:216,0
DA:217,0
DA:218,0
DA:221,0
DA:222,0
DA:224,0
DA:225,0
DA:226,0
DA:229,0
DA:230,0
DA:231,0
DA:234,0
DA:235,0
DA:236,0
DA:239,0
DA:240,0
DA:249,0
DA:250,0
DA:251,0
DA:252,0
DA:254,0
DA:256,0
DA:257,0
DA:258,0
DA:259,0
DA:261,0
DA:263,0
DA:264,0
DA:269,0
DA:272,0
DA:273,0
DA:277,0
DA:278,0
DA:279,0
DA:280,0
DA:281,0
DA:282,0
DA:294,0
DA:295,0
DA:300,0
DA:304,0
DA:305,0
DA:306,0
DA:315,0
DA:316,0
DA:318,0
DA:325,1
DA:326,1
DA:329,1
DA:330,1
DA:331,2
DA:332,1
DA:333,1
DA:334,1
DA:335,1
DA:338,1
DA:339,1
DA:342,0
DA:343,0
DA:344,0
DA:345,0
DA:346,0
DA:347,0
DA:348,0
DA:349,0
DA:350,0
DA:351,0
DA:353,0
DA:354,0
DA:362,0
DA:370,0
DA:372,0
DA:373,0
DA:374,0
DA:375,0
DA:378,0
DA:379,0
DA:380,0
DA:381,0
DA:383,0
DA:388,0
DA:392,0
DA:393,0
DA:394,0
DA:396,0
DA:397,0
DA:399,0
DA:404,0
DA:406,0
DA:407,0
DA:408,0
DA:410,0
DA:411,0
DA:412,0
DA:413,0
DA:414,0
DA:415,0
DA:417,0
DA:420,0
DA:421,0
DA:422,0
DA:423,0
DA:425,0
DA:427,0
DA:428,0
DA:429,0
DA:430,0
DA:431,0
DA:432,0
DA:435,0
DA:436,0
DA:438,0
DA:439,0
DA:440,0
DA:443,0
DA:444,0
DA:445,0
DA:448,0
DA:449,0
DA:450,0
DA:453,0
DA:454,0
DA:463,0
DA:464,0
DA:465,0
DA:466,0
DA:468,0
DA:470,0
DA:471,0
DA:472,0
DA:473,0
DA:475,0
DA:477,0
DA:478,0
DA:481,0
DA:486,0
DA:492,0
DA:493,0
DA:497,0
DA:498,0
DA:500,0
DA:504,1
DA:505,1
DA:506,1
DA:507,1
DA:508,1
DA:509,1
DA:510,3
DA:522,1
DA:523,1
DA:528,0
DA:532,0
DA:533,0
DA:534,0
LF:268
LH:55
end_of_record
SF:lib/screens/resultpage.dart
DA:13,6
DA:14,8
DA:15,8
DA:16,8
DA:21,4
DA:23,2
DA:25,6
DA:26,2
DA:27,2
DA:28,6
DA:29,4
DA:30,2
DA:31,2
DA:32,2
DA:35,2
DA:56,2
DA:57,4
DA:58,2
DA:59,4
DA:65,2
DA:66,0
DA:67,0
DA:69,2
DA:70,6
DA:71,6
DA:72,2
DA:73,0
DA:74,0
DA:76,2
DA:77,2
DA:78,2
DA:84,2
DA:85,2
DA:86,2
DA:89,2
DA:90,2
DA:91,2
LF:37
LH:33
end_of_record
SF:lib/screens/homepage.dart
DA:8,1
DA:9,2
DA:13,1
DA:18,1
DA:22,2
DA:23,2
DA:27,2
DA:29,2
DA:30,2
DA:31,2
DA:32,2
DA:35,6
DA:36,2
DA:39,2
DA:40,2
DA:42,2
DA:43,2
DA:44,2
DA:49,2
DA:50,6
DA:51,6
DA:52,2
DA:53,8
DA:54,2
DA:55,2
DA:56,4
DA:64,2
DA:65,2
DA:66,6
DA:67,4
DA:68,2
DA:69,2
DA:71,6
DA:72,4
DA:73,2
DA:74,2
DA:77,4
DA:78,2
DA:79,2
DA:83,4
DA:86,6
DA:87,6
DA:92,2
DA:96,4
LF:44
LH:44
end_of_record
SF:lib/screens/main_page.dart
DA:13,2
DA:18,2
DA:19,4
DA:20,4
DA:24,2
DA:26,3
DA:27,1
DA:29,3
DA:35,2
DA:36,2
DA:37,2
DA:38,2
DA:39,4
DA:40,3
DA:42,3
DA:43,1
DA:44,1
DA:45,2
DA:46,1
DA:48,0
DA:52,1
DA:53,1
DA:56,2
DA:57,2
LF:24
LH:23
end_of_record
SF:lib/services/auth.dart
DA:10,0
DA:11,0
DA:14,1
DA:15,1
DA:51,1
DA:52,2
DA:53,2
DA:54,2
DA:55,2
DA:56,2
DA:61,1
DA:63,0
DA:65,1
DA:66,1
DA:67,1
DA:68,6
DA:69,3
DA:72,1
DA:73,2
DA:74,0
DA:75,0
DA:77,1
DA:84,1
DA:85,2
DA:86,2
DA:87,2
DA:88,2
DA:89,2
DA:90,2
DA:91,1
DA:92,1
DA:93,1
DA:94,7
DA:95,3
DA:97,1
DA:98,2
LF:36
LH:31
end_of_record
SF:lib/screens/userpage.dart
DA:11,3
DA:12,4
DA:15,1
DA:16,3
DA:17,3
DA:22,1
DA:23,1
DA:24,1
DA:27,2
DA:29,2
DA:34,2
DA:36,2
DA:38,2
DA:39,2
DA:40,2
DA:41,2
DA:44,2
DA:45,2
DA:47,2
DA:48,0
DA:49,0
DA:56,2
DA:57,0
DA:58,0
DA:59,0
DA:60,0
DA:61,0
DA:66,0
DA:67,0
DA:70,0
DA:75,0
DA:76,0
DA:82,2
DA:83,2
DA:84,2
DA:85,2
DA:86,4
DA:87,4
DA:88,2
DA:89,18
DA:90,2
DA:91,5
DA:96,1
DA:97,1
DA:98,1
DA:101,1
DA:102,1
DA:104,1
DA:105,1
DA:108,1
DA:109,4
DA:118,1
DA:119,3
DA:126,1
DA:127,3
DA:134,1
DA:135,4
DA:145,1
DA:146,3
DA:147,4
DA:148,1
DA:151,1
DA:153,1
DA:154,3
DA:155,3
DA:156,4
DA:157,1
DA:158,1
DA:168,1
DA:171,1
DA:177,1
DA:178,1
DA:180,1
DA:181,4
DA:182,1
DA:191,1
DA:193,1
DA:203,1
DA:204,3
DA:205,3
DA:206,4
DA:207,1
DA:208,1
DA:209,1
DA:212,1
DA:213,1
DA:214,1
DA:218,1
DA:221,1
DA:227,1
DA:228,1
DA:230,1
DA:231,4
DA:232,1
DA:241,1
DA:243,1
DA:253,1
DA:254,3
DA:255,3
DA:256,4
DA:257,1
DA:258,1
DA:259,1
DA:262,1
DA:263,1
DA:264,1
DA:268,1
DA:271,1
DA:277,1
DA:278,1
DA:280,1
DA:281,4
DA:282,1
DA:291,1
DA:293,1
DA:303,1
DA:304,3
DA:305,3
DA:306,4
DA:307,1
DA:308,1
DA:309,1
DA:312,1
DA:313,1
DA:314,1
DA:318,1
DA:321,1
DA:327,1
DA:328,1
DA:330,1
DA:331,4
DA:332,1
DA:341,1
DA:343,1
DA:367,0
DA:368,0
DA:377,1
DA:385,1
DA:386,1
DA:390,1
DA:392,1
DA:393,1
DA:394,1
DA:395,2
DA:396,2
DA:397,1
DA:398,9
DA:399,1
DA:400,1
DA:401,1
DA:402,4
DA:403,4
DA:404,1
DA:406,1
DA:414,1
DA:415,1
DA:416,1
DA:419,1
DA:420,1
DA:422,1
DA:423,1
DA:424,3
DA:426,1
DA:427,4
DA:428,2
DA:436,1
DA:437,3
DA:444,1
DA:445,3
DA:452,1
DA:453,4
DA:463,1
DA:464,7
DA:465,1
DA:467,1
DA:474,1
DA:476,1
DA:478,1
DA:479,9
DA:480,1
DA:481,1
DA:491,1
DA:494,1
DA:495,1
DA:497,2
DA:500,1
DA:502,1
DA:503,4
DA:504,1
DA:506,2
DA:511,1
DA:513,1
DA:514,1
DA:516,3
DA:524,1
DA:526,1
DA:527,9
DA:528,1
DA:529,1
DA:530,1
DA:533,1
DA:534,1
DA:535,1
DA:539,1
DA:542,1
DA:543,1
DA:545,2
DA:548,1
DA:550,1
DA:551,4
DA:552,1
DA:553,1
DA:555,2
DA:560,1
DA:562,1
DA:563,1
DA:565,3
DA:573,1
DA:575,1
DA:576,9
DA:577,1
DA:578,1
DA:579,1
DA:582,1
DA:583,1
DA:584,1
DA:588,1
DA:591,1
DA:592,1
DA:594,2
DA:597,1
DA:599,1
DA:600,4
DA:601,1
DA:602,1
DA:604,2
DA:609,1
DA:611,1
DA:612,1
DA:614,3
DA:622,1
DA:624,1
DA:625,9
DA:626,1
DA:627,1
DA:628,1
DA:631,1
DA:632,1
DA:633,1
DA:637,1
DA:640,1
DA:641,1
DA:643,2
DA:646,1
DA:648,1
DA:649,4
DA:650,1
DA:651,1
DA:653,2
DA:658,1
DA:660,1
DA:661,1
DA:663,3
DA:680,0
DA:681,0
LF:265
LH:249
end_of_record
SF:lib/models/card.dart
DA:8,4
DA:19,4
DA:21,4
DA:22,8
DA:23,1
DA:24,3
DA:25,2
DA:26,1
DA:29,4
DA:31,4
DA:32,4
DA:33,4
DA:36,4
DA:39,4
DA:42,4
DA:43,4
DA:44,12
DA:45,1
DA:46,3
DA:47,2
DA:48,1
DA:51,4
DA:52,8
DA:58,4
DA:59,4
LF:25
LH:25
end_of_record
SF:lib/screens/homepage_tablet.dart
DA:13,0
DA:16,1
DA:17,2
DA:22,1
DA:23,1
DA:26,2
DA:27,2
DA:31,2
DA:33,2
DA:34,2
DA:35,2
DA:36,2
DA:40,2
DA:43,2
DA:44,0
DA:45,0
DA:46,0
DA:48,0
DA:49,0
DA:50,0
DA:51,0
DA:56,0
DA:57,0
DA:58,0
DA:59,0
DA:60,0
DA:61,0
DA:62,0
DA:63,0
DA:64,0
DA:65,0
DA:66,0
DA:67,0
DA:68,0
DA:70,0
DA:71,0
DA:72,0
DA:73,0
DA:76,0
DA:77,0
DA:78,0
DA:82,0
DA:85,0
DA:86,0
DA:90,0
DA:94,0
DA:95,0
DA:96,0
DA:97,0
DA:99,0
DA:100,0
DA:101,0
DA:102,0
DA:103,0
DA:104,0
DA:107,0
DA:108,0
DA:109,0
DA:113,0
DA:114,0
DA:115,0
DA:117,0
DA:118,0
DA:119,0
DA:120,0
DA:122,0
DA:128,0
DA:129,0
DA:130,0
DA:131,0
DA:133,0
DA:134,0
DA:135,0
DA:136,0
DA:137,0
DA:138,0
DA:141,0
DA:142,0
DA:143,0
DA:147,0
DA:148,0
DA:149,0
DA:151,0
DA:152,0
DA:153,0
DA:154,0
DA:156,0
DA:166,2
DA:167,2
DA:169,2
DA:170,2
DA:171,2
DA:172,2
DA:177,2
DA:180,2
DA:181,2
DA:183,2
DA:184,2
DA:185,6
DA:186,6
DA:187,2
DA:188,8
DA:189,2
DA:190,2
DA:191,2
DA:192,2
DA:193,6
DA:194,4
DA:195,2
DA:196,2
DA:198,6
DA:199,4
DA:200,2
DA:201,2
DA:204,4
DA:205,2
DA:206,2
DA:210,4
DA:213,6
DA:214,6
DA:218,2
DA:224,2
DA:226,2
DA:227,2
DA:228,0
DA:229,0
DA:231,2
DA:232,6
DA:233,6
DA:234,2
DA:235,2
DA:236,2
DA:239,2
DA:240,2
DA:241,2
DA:245,2
DA:246,0
DA:247,0
DA:249,2
DA:250,2
DA:251,2
DA:252,2
DA:254,4
DA:260,4
DA:261,2
DA:262,0
DA:263,0
DA:265,2
DA:266,6
DA:267,6
DA:268,2
DA:269,2
DA:270,2
DA:273,2
DA:274,2
DA:275,2
DA:279,2
DA:280,0
DA:281,0
DA:283,2
DA:284,2
DA:285,2
DA:286,2
DA:288,4
LF:164
LH:82
end_of_record
SF:lib/services/scalesize.dart
DA:6,3
DA:7,9
DA:8,6
DA:9,6
LF:4
LH:4
end_of_record
SF:lib/screens/loginpage.dart
DA:7,3
DA:10,0
DA:11,0
DA:12,0
DA:17,3
DA:19,3
DA:20,3
DA:21,3
DA:22,3
DA:23,3
DA:24,3
DA:25,15
DA:26,3
DA:28,3
DA:32,3
DA:41,3
DA:42,0
DA:43,0
DA:45,3
DA:46,9
DA:47,9
DA:48,3
DA:49,3
DA:50,3
DA:53,3
DA:54,3
DA:55,3
DA:59,3
DA:60,3
DA:62,3
LF:30
LH:25
end_of_record
SF:lib/screens/navigation.dart
DA:9,1
DA:11,1
DA:12,1
DA:15,1
DA:16,2
DA:21,6
DA:22,1
DA:24,1
DA:25,1
DA:26,1
DA:27,1
DA:28,1
DA:29,1
DA:31,1
DA:33,1
DA:36,1
DA:37,1
DA:40,1
DA:41,1
DA:61,1
DA:62,1
DA:68,1
DA:69,1
DA:70,2
DA:71,1
LF:25
LH:25
end_of_record
SF:lib/widgets/progress_bar.dart
DA:12,1
DA:14,1
DA:15,1
DA:18,1
DA:20,1
DA:23,1
DA:24,2
DA:25,1
DA:27,1
DA:28,2
DA:29,1
DA:30,1
DA:31,1
DA:34,1
DA:35,2
DA:37,4
DA:38,1
DA:39,1
DA:40,3
DA:44,1
DA:48,1
DA:49,1
DA:52,1
DA:54,1
DA:55,6
DA:56,1
LF:26
LH:26
end_of_record
SF:lib/screens/settings.dart
DA:17,0
DA:18,0
DA:19,0
DA:20,0
DA:21,0
DA:24,1
DA:26,1
DA:27,1
DA:33,1
DA:36,2
DA:37,1
DA:40,1
DA:42,1
DA:44,1
DA:46,1
DA:49,1
DA:50,1
DA:57,1
DA:59,1
DA:64,1
DA:66,1
DA:69,0
DA:74,1
DA:78,0
DA:79,0
DA:85,1
DA:86,1
DA:88,2
DA:90,1
DA:92,1
DA:93,1
DA:94,1
DA:95,0
DA:96,0
DA:97,0
DA:98,0
DA:99,0
DA:100,0
DA:107,1
DA:112,1
DA:114,1
DA:117,1
DA:119,1
DA:122,1
DA:123,1
DA:130,1
DA:133,1
DA:135,1
DA:138,1
DA:139,1
DA:149,1
DA:154,1
DA:156,1
DA:159,1
DA:160,1
DA:162,1
DA:163,1
DA:165,1
DA:166,1
DA:167,1
DA:169,1
DA:170,1
DA:171,0
DA:172,0
DA:174,0
DA:175,0
DA:192,1
DA:195,0
DA:196,0
DA:198,0
DA:199,0
DA:216,0
DA:217,0
DA:219,0
DA:220,0
DA:221,0
LF:76
LH:49
end_of_record
SF:lib/widgets/policy_conditions_dialog.dart
DA:8,1
DA:12,3
DA:17,1
DA:19,1
DA:20,3
DA:21,1
DA:22,1
DA:23,1
DA:25,1
DA:26,4
DA:27,4
DA:29,1
DA:30,1
DA:31,0
DA:32,0
DA:42,1
DA:43,1
DA:44,1
DA:46,1
DA:47,1
DA:48,2
DA:49,2
DA:53,0
DA:54,1
DA:55,1
DA:56,1
DA:57,2
DA:58,2
LF:28
LH:25
end_of_record
