SF:lib/models/MyStorage.dart
DA:9,7
DA:12,1
DA:14,2
DA:15,5
DA:16,10
LF:5
LH:5
end_of_record
SF:lib/services/api.dart
DA:20,7
DA:33,1
DA:34,1
DA:35,1
DA:60,1
DA:62,2
DA:63,1
DA:65,5
DA:66,2
DA:71,0
DA:77,1
DA:79,2
DA:80,0
DA:81,0
DA:82,0
DA:84,0
DA:85,0
DA:86,0
DA:87,0
DA:89,0
DA:91,0
DA:95,0
DA:96,0
DA:97,0
DA:99,0
DA:100,0
DA:104,1
DA:105,2
DA:106,1
DA:108,1
DA:110,1
DA:112,2
DA:113,2
DA:114,2
DA:115,1
DA:118,3
DA:119,1
DA:120,1
DA:121,1
DA:122,2
DA:123,0
DA:125,0
DA:136,1
DA:139,2
DA:140,1
DA:142,1
DA:144,1
DA:146,2
DA:147,2
DA:148,2
DA:149,1
DA:151,3
DA:152,1
DA:153,1
DA:155,4
DA:159,1
DA:161,2
DA:165,1
DA:167,2
DA:168,1
DA:170,4
DA:171,1
DA:173,2
DA:174,2
DA:175,2
DA:176,1
DA:179,1
DA:180,3
DA:182,2
DA:183,3
DA:184,4
DA:186,7
DA:193,1
DA:195,2
DA:196,2
DA:198,1
DA:200,2
DA:201,1
DA:204,4
DA:205,1
DA:207,2
DA:208,2
DA:209,2
DA:210,3
DA:211,1
DA:214,3
DA:216,2
DA:220,0
DA:222,0
DA:223,0
DA:226,0
DA:227,0
DA:229,0
DA:230,0
DA:238,1
DA:239,3
DA:241,2
DA:242,3
DA:243,4
DA:245,0
DA:251,3
DA:253,6
DA:255,1
DA:259,1
DA:261,2
DA:262,2
DA:263,2
DA:264,1
DA:266,1
DA:268,3
DA:270,1
DA:271,1
DA:273,4
DA:275,4
DA:278,5
DA:280,10
DA:282,1
DA:286,1
DA:288,2
DA:289,2
DA:290,2
DA:291,0
DA:293,3
DA:295,1
DA:296,1
DA:300,1
DA:384,1
DA:385,2
DA:387,3
DA:389,1
DA:391,2
DA:393,2
DA:394,0
DA:397,3
DA:398,1
DA:399,2
DA:400,3
DA:401,4
DA:403,1
DA:409,1
DA:410,1
DA:411,2
DA:412,1
DA:413,1
DA:414,2
DA:415,4
DA:416,2
DA:419,1
DA:424,1
DA:425,2
DA:427,1
DA:429,1
DA:431,1
DA:433,2
DA:434,2
DA:435,2
DA:436,0
DA:438,3
DA:440,1
DA:441,1
DA:443,4
DA:445,4
DA:448,1
DA:449,2
DA:451,1
DA:453,1
DA:455,1
DA:457,2
DA:458,2
DA:459,2
DA:462,3
DA:464,1
DA:465,1
DA:469,1
DA:472,1
DA:473,2
DA:475,1
DA:477,1
DA:479,1
DA:481,2
DA:482,2
DA:483,2
DA:486,3
DA:488,1
DA:489,1
DA:493,1
LF:186
LH:158
end_of_record
SF:lib/models/question_model.dart
DA:7,3
LF:1
LH:1
end_of_record
SF:lib/services/data.dart
DA:8,6
DA:9,0
DA:15,4
DA:16,4
DA:17,8
DA:19,1
DA:20,1
DA:21,1
DA:27,3
DA:28,9
DA:29,3
DA:31,5
DA:33,6
DA:34,1
DA:36,5
DA:37,3
DA:38,3
DA:39,4
DA:42,0
DA:47,1
DA:48,3
DA:49,5
DA:52,1
DA:53,3
DA:54,5
DA:57,0
DA:58,0
DA:59,0
DA:60,0
DA:63,0
DA:64,0
DA:65,0
DA:68,0
DA:69,0
DA:70,0
DA:75,0
DA:80,0
DA:95,1
DA:96,3
DA:97,1
DA:98,9
DA:102,1
DA:103,3
DA:104,1
DA:105,9
DA:109,3
DA:110,9
DA:111,1
DA:112,6
DA:113,1
DA:114,5
DA:116,2
DA:120,3
DA:121,3
DA:122,19
DA:124,1
DA:126,2
DA:131,1
DA:132,3
DA:133,1
DA:134,6
DA:135,1
DA:136,1
DA:137,1
DA:138,2
DA:139,1
DA:140,1
DA:141,4
DA:143,0
DA:147,2
LF:70
LH:55
end_of_record
SF:lib/services/questionApi.dart
DA:15,12
DA:18,4
DA:19,12
DA:22,1
DA:23,1
DA:26,3
DA:27,3
DA:28,3
DA:29,3
DA:30,3
DA:34,1
DA:35,1
DA:36,1
DA:37,1
DA:38,1
DA:39,1
DA:40,1
DA:41,1
DA:43,3
DA:44,1
DA:45,1
DA:50,1
DA:51,1
DA:52,1
DA:53,1
DA:54,1
DA:56,3
DA:57,1
DA:58,1
DA:63,1
DA:64,4
DA:65,3
DA:66,1
DA:67,1
DA:72,1
DA:73,1
DA:74,2
DA:75,1
DA:76,1
DA:79,4
DA:84,1
DA:85,1
DA:86,2
DA:87,1
DA:88,1
DA:91,4
DA:96,1
DA:97,1
DA:98,2
DA:99,1
DA:100,1
DA:103,4
DA:108,2
DA:109,4
DA:111,4
DA:112,4
DA:113,2
DA:114,1
DA:115,0
DA:116,2
DA:117,0
DA:118,1
DA:120,8
DA:129,2
DA:130,4
DA:131,2
DA:132,4
DA:133,2
DA:135,1
DA:136,0
DA:137,2
DA:138,0
DA:139,1
DA:140,8
DA:144,2
DA:146,4
DA:148,1
DA:149,2
DA:150,0
DA:152,1
DA:154,4
DA:156,2
DA:157,1
DA:158,0
DA:159,2
DA:160,0
DA:161,1
DA:162,6
DA:166,2
DA:167,4
DA:168,2
DA:170,2
DA:171,0
DA:173,1
DA:175,4
DA:176,2
DA:177,1
DA:178,0
DA:179,2
DA:180,0
DA:181,1
DA:182,6
DA:186,2
DA:187,4
DA:189,4
DA:190,4
DA:191,2
DA:192,2
DA:193,0
DA:195,1
DA:197,1
DA:198,0
DA:199,2
DA:200,0
DA:201,1
DA:203,6
DA:212,2
DA:213,4
DA:214,5
DA:215,2
DA:216,1
DA:217,1
DA:218,1
DA:219,4
DA:220,3
DA:221,9
LF:126
LH:113
end_of_record
SF:lib/controllers/question_controller.dart
DA:17,3
DA:18,6
DA:19,3
DA:20,3
DA:21,3
DA:24,2
DA:25,2
DA:28,1
DA:29,1
DA:32,3
DA:33,3
DA:36,1
DA:37,6
DA:38,6
DA:39,2
DA:41,3
DA:43,2
LF:17
LH:17
end_of_record
SF:lib/controllers/timer_controller.dart
DA:16,4
DA:17,0
DA:21,3
DA:22,3
DA:26,3
DA:30,9
DA:31,12
DA:32,5
DA:34,2
DA:39,12
DA:40,3
DA:43,1
DA:44,1
DA:45,2
DA:48,0
DA:50,0
DA:53,2
DA:54,4
DA:57,1
DA:59,2
DA:63,4
DA:67,1
DA:69,2
DA:70,1
LF:24
LH:21
end_of_record
SF:lib/screens/questionpage.dart
DA:22,0
DA:24,0
DA:27,0
DA:28,0
DA:30,0
DA:36,1
DA:37,2
DA:38,3
DA:39,3
DA:40,2
DA:41,3
DA:42,1
DA:43,1
DA:53,1
DA:54,1
DA:55,2
DA:56,1
DA:57,1
DA:58,1
DA:59,1
DA:60,1
DA:64,2
DA:65,2
DA:78,2
DA:80,4
DA:81,2
DA:83,6
DA:84,5
DA:85,6
DA:86,5
DA:88,5
DA:90,4
DA:91,5
DA:92,5
DA:93,2
DA:95,5
DA:96,5
DA:97,3
DA:98,2
DA:99,2
DA:103,2
DA:104,2
DA:105,4
DA:106,4
DA:110,0
DA:111,0
DA:114,2
DA:116,2
DA:117,4
DA:118,2
DA:119,2
DA:120,2
DA:121,2
DA:122,4
DA:123,4
DA:124,1
DA:125,4
DA:126,2
DA:127,1
DA:130,2
DA:131,1
DA:134,2
DA:135,2
DA:136,4
DA:137,4
DA:139,2
DA:140,2
DA:141,1
DA:142,1
DA:143,1
DA:144,1
DA:145,1
DA:146,3
DA:148,1
DA:149,2
DA:150,1
DA:151,1
DA:152,1
DA:153,1
DA:156,1
DA:157,1
DA:160,1
DA:161,1
DA:162,2
DA:163,2
DA:164,2
DA:165,1
DA:167,1
DA:168,4
DA:177,1
DA:183,1
DA:185,3
DA:186,1
DA:187,2
DA:188,1
DA:191,2
DA:192,0
DA:193,0
DA:194,0
DA:196,0
DA:201,0
DA:205,0
DA:206,0
DA:207,0
DA:209,1
DA:210,1
DA:211,2
DA:212,0
DA:213,0
DA:216,1
DA:217,3
DA:222,1
DA:223,3
DA:227,5
DA:228,1
DA:229,1
DA:230,1
DA:231,2
DA:232,0
DA:233,0
DA:234,0
DA:235,0
DA:237,0
DA:240,0
DA:241,0
DA:242,0
DA:243,0
DA:245,0
DA:247,1
DA:248,3
DA:249,3
DA:250,1
DA:251,1
DA:252,1
DA:255,2
DA:256,0
DA:258,0
DA:259,0
DA:260,0
DA:263,0
DA:264,0
DA:265,0
DA:268,1
DA:269,1
DA:270,1
DA:273,1
DA:274,1
DA:283,0
DA:284,0
DA:285,0
DA:286,0
DA:288,0
DA:290,0
DA:291,0
DA:292,0
DA:293,0
DA:295,0
DA:297,4
DA:298,1
DA:303,2
DA:306,1
DA:307,3
DA:311,1
DA:312,1
DA:313,1
DA:314,1
DA:315,1
DA:316,1
DA:328,1
DA:329,1
DA:330,1
DA:335,0
DA:339,0
DA:340,0
DA:341,0
DA:350,0
DA:351,0
DA:353,0
DA:360,2
DA:361,2
DA:364,2
DA:365,2
DA:366,4
DA:367,2
DA:368,2
DA:369,2
DA:370,2
DA:373,2
DA:374,2
DA:377,1
DA:378,1
DA:379,1
DA:380,2
DA:381,1
DA:382,3
DA:383,2
DA:384,2
DA:385,2
DA:386,1
DA:388,1
DA:389,4
DA:397,1
DA:405,1
DA:407,3
DA:408,1
DA:409,2
DA:410,1
DA:413,2
DA:414,1
DA:415,1
DA:416,2
DA:418,2
DA:423,1
DA:427,0
DA:428,0
DA:429,0
DA:431,0
DA:432,0
DA:434,1
DA:439,1
DA:441,1
DA:442,5
DA:443,1
DA:445,1
DA:446,1
DA:447,2
DA:448,0
DA:449,0
DA:450,0
DA:451,0
DA:453,0
DA:456,0
DA:457,0
DA:458,0
DA:459,0
DA:461,0
DA:463,1
DA:464,3
DA:465,3
DA:466,1
DA:467,1
DA:468,1
DA:471,2
DA:472,0
DA:474,0
DA:475,0
DA:476,0
DA:479,0
DA:480,0
DA:481,0
DA:484,1
DA:485,1
DA:486,1
DA:489,1
DA:490,1
DA:499,0
DA:500,0
DA:501,0
DA:502,0
DA:504,0
DA:506,0
DA:507,0
DA:508,0
DA:509,0
DA:511,0
DA:513,1
DA:514,3
DA:517,1
DA:522,2
DA:528,0
DA:529,0
DA:533,0
DA:534,0
DA:536,0
DA:540,2
DA:541,2
DA:542,2
DA:543,2
DA:544,2
DA:545,2
DA:546,6
DA:558,2
DA:559,2
DA:564,1
DA:568,2
DA:569,1
DA:570,1
LF:287
LH:199
end_of_record
SF:lib/screens/resultpage.dart
DA:13,6
DA:14,8
DA:15,8
DA:16,8
DA:21,4
DA:23,2
DA:25,6
DA:26,2
DA:27,2
DA:28,6
DA:29,4
DA:30,2
DA:31,2
DA:32,2
DA:35,2
DA:56,2
DA:57,4
DA:58,2
DA:59,4
DA:65,2
DA:66,0
DA:67,0
DA:69,2
DA:70,6
DA:71,6
DA:72,2
DA:73,0
DA:74,0
DA:76,2
DA:77,2
DA:78,2
DA:84,2
DA:85,2
DA:86,2
DA:89,2
DA:90,2
DA:91,2
LF:37
LH:33
end_of_record
SF:lib/screens/homepage.dart
DA:8,2
DA:9,4
DA:13,1
DA:18,1
DA:22,3
DA:23,3
DA:27,3
DA:29,3
DA:30,3
DA:31,3
DA:32,3
DA:35,9
DA:36,3
DA:39,3
DA:40,3
DA:42,3
DA:43,3
DA:44,3
DA:49,3
DA:50,9
DA:51,9
DA:52,3
DA:53,12
DA:54,3
DA:55,3
DA:56,4
DA:64,2
DA:65,2
DA:66,6
DA:67,2
DA:68,2
DA:69,2
DA:70,2
DA:71,2
DA:76,6
DA:77,2
DA:78,2
DA:87,2
DA:88,2
DA:89,2
DA:90,2
DA:91,2
DA:98,4
DA:101,6
DA:102,6
DA:107,3
DA:111,6
LF:47
LH:47
end_of_record
SF:lib/screens/main_page.dart
DA:13,2
DA:18,2
DA:19,4
DA:20,4
DA:24,2
DA:26,3
DA:27,1
DA:29,3
DA:35,2
DA:36,2
DA:37,2
DA:38,2
DA:39,4
DA:40,3
DA:42,3
DA:43,1
DA:44,1
DA:45,2
DA:46,1
DA:48,0
DA:52,1
DA:53,1
DA:56,2
DA:57,2
LF:24
LH:23
end_of_record
SF:lib/services/auth.dart
DA:10,1
DA:11,2
DA:14,1
DA:15,1
DA:51,1
DA:52,2
DA:53,2
DA:54,2
DA:55,2
DA:56,2
DA:61,1
DA:63,0
DA:65,1
DA:66,1
DA:67,1
DA:68,6
DA:69,3
DA:72,1
DA:73,2
DA:74,0
DA:75,0
DA:77,1
DA:84,1
DA:85,2
DA:86,2
DA:87,2
DA:88,2
DA:89,2
DA:90,2
DA:91,1
DA:92,1
DA:93,1
DA:94,7
DA:95,3
DA:97,1
DA:98,2
LF:36
LH:33
end_of_record
SF:lib/screens/userpage.dart
DA:11,6
DA:12,8
DA:15,2
DA:16,6
DA:17,6
DA:22,1
DA:23,1
DA:24,1
DA:27,3
DA:29,3
DA:34,3
DA:36,3
DA:38,3
DA:39,3
DA:40,3
DA:41,3
DA:44,3
DA:45,3
DA:47,3
DA:48,0
DA:49,0
DA:56,3
DA:57,0
DA:58,0
DA:59,0
DA:60,0
DA:61,0
DA:66,0
DA:67,0
DA:70,0
DA:75,0
DA:76,0
DA:82,3
DA:83,3
DA:84,3
DA:85,3
DA:86,6
DA:87,6
DA:88,3
DA:89,27
DA:90,3
DA:91,7
DA:96,1
DA:97,1
DA:98,1
DA:101,1
DA:102,1
DA:104,1
DA:105,1
DA:108,1
DA:109,4
DA:118,1
DA:119,3
DA:126,1
DA:127,3
DA:134,1
DA:135,4
DA:145,1
DA:146,3
DA:147,4
DA:148,1
DA:151,1
DA:153,1
DA:154,3
DA:155,3
DA:156,4
DA:157,1
DA:158,1
DA:168,1
DA:171,1
DA:177,1
DA:178,1
DA:180,1
DA:181,4
DA:182,1
DA:191,1
DA:193,1
DA:203,1
DA:204,3
DA:205,3
DA:206,4
DA:207,1
DA:208,1
DA:209,1
DA:212,1
DA:213,1
DA:214,1
DA:218,1
DA:221,1
DA:227,1
DA:228,1
DA:230,1
DA:231,4
DA:232,1
DA:241,1
DA:243,1
DA:253,1
DA:254,3
DA:255,3
DA:256,4
DA:257,1
DA:258,1
DA:259,1
DA:262,1
DA:263,1
DA:264,1
DA:268,1
DA:271,1
DA:277,1
DA:278,1
DA:280,1
DA:281,4
DA:282,1
DA:291,1
DA:293,1
DA:303,1
DA:304,3
DA:305,3
DA:306,4
DA:307,1
DA:308,1
DA:309,1
DA:312,1
DA:313,1
DA:314,1
DA:318,1
DA:321,1
DA:327,1
DA:328,1
DA:330,1
DA:331,4
DA:332,1
DA:341,1
DA:343,1
DA:367,0
DA:368,0
DA:377,1
DA:385,1
DA:386,1
DA:390,1
DA:392,1
DA:393,1
DA:394,1
DA:395,2
DA:396,2
DA:397,1
DA:398,9
DA:399,1
DA:400,1
DA:401,1
DA:402,4
DA:403,4
DA:404,1
DA:406,1
DA:414,1
DA:415,1
DA:416,1
DA:419,1
DA:420,1
DA:422,1
DA:423,1
DA:424,3
DA:426,1
DA:427,4
DA:428,2
DA:436,1
DA:437,3
DA:444,1
DA:445,3
DA:452,1
DA:453,4
DA:463,1
DA:464,7
DA:465,1
DA:467,1
DA:474,1
DA:476,1
DA:478,1
DA:479,9
DA:480,1
DA:481,1
DA:491,1
DA:494,1
DA:495,1
DA:497,2
DA:500,1
DA:502,1
DA:503,4
DA:504,1
DA:506,2
DA:511,1
DA:513,1
DA:514,1
DA:516,3
DA:524,1
DA:526,1
DA:527,9
DA:528,1
DA:529,1
DA:530,1
DA:533,1
DA:534,1
DA:535,1
DA:539,1
DA:542,1
DA:543,1
DA:545,2
DA:548,1
DA:550,1
DA:551,4
DA:552,1
DA:553,1
DA:555,2
DA:560,1
DA:562,1
DA:563,1
DA:565,3
DA:573,1
DA:575,1
DA:576,9
DA:577,1
DA:578,1
DA:579,1
DA:582,1
DA:583,1
DA:584,1
DA:588,1
DA:591,1
DA:592,1
DA:594,2
DA:597,1
DA:599,1
DA:600,4
DA:601,1
DA:602,1
DA:604,2
DA:609,1
DA:611,1
DA:612,1
DA:614,3
DA:622,1
DA:624,1
DA:625,9
DA:626,1
DA:627,1
DA:628,1
DA:631,1
DA:632,1
DA:633,1
DA:637,1
DA:640,1
DA:641,1
DA:643,2
DA:646,1
DA:648,1
DA:649,4
DA:650,1
DA:651,1
DA:653,2
DA:658,1
DA:660,1
DA:661,1
DA:663,3
DA:680,0
DA:681,0
LF:265
LH:249
end_of_record
SF:lib/models/card.dart
DA:8,4
DA:19,4
DA:21,4
DA:22,8
DA:23,1
DA:24,3
DA:25,2
DA:26,1
DA:29,4
DA:31,4
DA:32,4
DA:33,4
DA:36,4
DA:39,4
DA:42,4
DA:43,4
DA:44,12
DA:45,1
DA:46,3
DA:47,2
DA:48,1
DA:51,4
DA:52,8
DA:58,4
DA:59,4
LF:25
LH:25
end_of_record
SF:lib/screens/homepage_tablet.dart
DA:13,0
DA:16,1
DA:17,2
DA:22,1
DA:23,1
DA:26,2
DA:27,2
DA:31,2
DA:33,2
DA:34,2
DA:35,2
DA:36,2
DA:40,2
DA:43,2
DA:44,1
DA:45,1
DA:46,1
DA:48,1
DA:49,1
DA:50,1
DA:51,1
DA:56,1
DA:57,3
DA:58,3
DA:59,1
DA:60,4
DA:61,1
DA:62,1
DA:63,1
DA:64,1
DA:65,3
DA:66,2
DA:67,1
DA:68,1
DA:70,3
DA:71,2
DA:72,1
DA:73,1
DA:76,2
DA:77,1
DA:78,1
DA:82,2
DA:85,3
DA:86,3
DA:90,1
DA:94,2
DA:95,1
DA:96,0
DA:97,0
DA:99,1
DA:100,3
DA:101,3
DA:102,1
DA:103,1
DA:104,1
DA:107,1
DA:108,1
DA:109,1
DA:113,1
DA:114,0
DA:115,0
DA:117,1
DA:118,1
DA:119,1
DA:120,1
DA:122,2
DA:128,2
DA:129,1
DA:130,0
DA:131,0
DA:133,1
DA:134,3
DA:135,3
DA:136,1
DA:137,1
DA:138,1
DA:141,1
DA:142,1
DA:143,1
DA:147,1
DA:148,0
DA:149,0
DA:151,1
DA:152,1
DA:153,1
DA:154,1
DA:156,2
DA:166,2
DA:167,2
DA:169,2
DA:170,2
DA:171,2
DA:172,2
DA:177,2
DA:180,2
DA:181,2
DA:183,2
DA:184,2
DA:185,6
DA:186,6
DA:187,2
DA:188,8
DA:189,2
DA:190,2
DA:191,2
DA:192,2
DA:193,6
DA:194,4
DA:195,2
DA:196,2
DA:198,6
DA:199,4
DA:200,2
DA:201,2
DA:204,4
DA:205,2
DA:206,2
DA:210,4
DA:213,6
DA:214,6
DA:218,2
DA:224,2
DA:226,2
DA:227,2
DA:228,2
DA:229,0
DA:230,0
DA:232,2
DA:233,6
DA:234,6
DA:235,2
DA:236,2
DA:237,2
DA:240,2
DA:241,2
DA:242,2
DA:246,2
DA:247,0
DA:248,0
DA:250,2
DA:251,2
DA:252,2
DA:253,2
DA:255,4
DA:261,4
DA:262,2
DA:263,2
DA:264,0
DA:265,0
DA:267,2
DA:268,6
DA:269,6
DA:270,2
DA:271,2
DA:272,2
DA:275,2
DA:276,2
DA:277,2
DA:281,2
DA:282,0
DA:283,0
DA:285,2
DA:286,2
DA:287,2
DA:288,2
DA:290,4
LF:166
LH:149
end_of_record
SF:lib/services/scalesize.dart
DA:6,4
DA:7,12
DA:8,8
DA:9,8
LF:4
LH:4
end_of_record
SF:lib/screens/leaderboard_page.dart
DA:13,8
DA:14,8
DA:17,2
DA:18,6
DA:22,1
DA:23,1
DA:25,3
DA:26,3
DA:30,3
DA:32,3
DA:33,3
DA:34,3
DA:35,3
DA:38,3
DA:39,3
DA:42,3
DA:43,0
DA:44,0
DA:45,0
DA:46,0
DA:47,0
DA:48,0
DA:49,0
DA:51,0
DA:52,0
DA:53,0
DA:54,0
DA:55,0
DA:56,0
DA:57,0
DA:58,0
DA:59,0
DA:61,0
DA:63,0
DA:64,0
DA:65,0
DA:66,0
DA:67,0
DA:68,0
DA:69,0
DA:72,0
DA:73,0
DA:74,0
DA:78,0
DA:79,0
DA:80,0
DA:81,0
DA:82,0
DA:83,0
DA:84,0
DA:85,0
DA:91,0
DA:92,0
DA:93,0
DA:98,0
DA:99,0
DA:107,0
DA:108,0
DA:116,0
DA:118,0
DA:119,0
DA:123,3
DA:124,3
DA:125,0
DA:126,0
DA:128,3
DA:130,3
DA:131,3
DA:132,9
DA:133,3
DA:134,3
DA:135,1
DA:136,1
DA:137,1
DA:138,1
DA:139,1
DA:143,1
DA:144,3
DA:145,1
DA:146,3
DA:147,3
DA:148,1
DA:149,1
DA:150,1
DA:151,1
DA:154,1
DA:155,1
DA:156,1
DA:160,1
DA:161,3
DA:162,1
DA:163,1
DA:164,2
DA:165,1
DA:166,3
DA:167,1
DA:173,2
DA:174,8
DA:175,1
DA:180,7
DA:181,1
DA:189,1
DA:190,1
DA:197,1
DA:202,3
DA:214,2
DA:218,2
DA:220,2
DA:221,2
DA:222,4
DA:223,4
DA:224,0
DA:225,4
DA:226,10
DA:227,2
DA:230,2
DA:231,2
DA:232,2
DA:233,10
DA:234,2
DA:235,2
DA:236,2
DA:237,2
DA:238,2
DA:240,2
DA:243,2
DA:244,2
DA:245,2
DA:249,2
DA:250,2
DA:251,2
DA:253,2
DA:259,14
DA:260,2
DA:265,12
DA:270,2
DA:271,2
DA:272,10
DA:273,2
DA:274,2
DA:275,2
DA:276,2
DA:278,2
DA:281,2
DA:282,2
DA:283,2
DA:287,2
DA:288,2
DA:289,2
DA:291,2
DA:297,14
DA:298,2
DA:303,12
DA:308,2
DA:309,2
DA:310,10
DA:311,2
DA:312,2
DA:313,2
DA:314,2
DA:315,2
DA:317,2
DA:320,2
DA:321,2
DA:322,2
DA:326,2
DA:327,2
DA:328,2
DA:330,2
DA:336,14
DA:337,2
DA:342,12
LF:172
LH:124
end_of_record
SF:lib/screens/languages.dart
DA:4,2
DA:6,1
DA:7,1
DA:11,1
DA:13,1
DA:14,1
DA:15,1
DA:16,1
DA:17,1
DA:18,1
LF:10
LH:10
end_of_record
SF:lib/screens/loginpage.dart
DA:7,4
DA:10,1
DA:11,3
DA:12,3
DA:17,4
DA:19,4
DA:20,4
DA:21,4
DA:22,4
DA:23,4
DA:24,4
DA:25,20
DA:26,4
DA:30,4
DA:39,4
DA:40,1
DA:41,6
DA:43,4
DA:44,12
DA:45,12
DA:46,4
DA:47,4
DA:48,4
DA:51,4
DA:52,4
DA:53,4
DA:57,4
DA:58,4
DA:60,4
LF:29
LH:29
end_of_record
SF:lib/screens/navigation.dart
DA:9,2
DA:11,2
DA:12,2
DA:15,2
DA:16,4
DA:21,12
DA:22,2
DA:24,2
DA:25,2
DA:26,2
DA:27,2
DA:28,2
DA:29,2
DA:31,2
DA:33,2
DA:36,2
DA:37,2
DA:40,2
DA:41,2
DA:61,2
DA:62,2
DA:68,1
DA:69,1
DA:70,2
DA:71,1
LF:25
LH:25
end_of_record
SF:lib/widgets/progress_bar.dart
DA:12,2
DA:14,2
DA:15,2
DA:18,2
DA:20,2
DA:23,2
DA:24,4
DA:25,2
DA:27,2
DA:28,4
DA:29,2
DA:30,2
DA:31,2
DA:34,2
DA:35,4
DA:37,8
DA:38,2
DA:39,2
DA:40,6
DA:44,2
DA:48,2
DA:49,2
DA:52,2
DA:54,2
DA:55,12
DA:56,2
LF:26
LH:26
end_of_record
SF:lib/screens/settings.dart
DA:17,3
DA:18,3
DA:19,4
DA:20,4
DA:21,0
DA:24,1
DA:26,1
DA:27,1
DA:33,1
DA:36,2
DA:37,1
DA:40,1
DA:42,1
DA:44,1
DA:46,1
DA:49,1
DA:50,1
DA:57,1
DA:59,1
DA:64,1
DA:66,1
DA:69,0
DA:74,1
DA:78,0
DA:79,0
DA:85,1
DA:86,1
DA:88,2
DA:90,1
DA:92,1
DA:93,1
DA:94,1
DA:95,1
DA:96,2
DA:97,2
DA:98,3
DA:99,2
DA:100,1
DA:107,1
DA:112,1
DA:114,1
DA:117,1
DA:119,1
DA:122,1
DA:123,1
DA:130,1
DA:133,1
DA:135,1
DA:138,1
DA:139,1
DA:149,1
DA:154,1
DA:156,1
DA:159,1
DA:160,1
DA:162,1
DA:163,1
DA:165,1
DA:166,1
DA:167,1
DA:169,1
DA:170,1
DA:171,0
DA:172,0
DA:174,0
DA:175,0
DA:192,1
DA:195,0
DA:196,0
DA:198,0
DA:199,0
DA:216,0
DA:217,0
DA:219,0
DA:220,0
LF:75
LH:59
end_of_record
SF:lib/widgets/policy_conditions_dialog.dart
DA:8,1
DA:12,3
DA:17,1
DA:19,1
DA:20,3
DA:21,1
DA:22,1
DA:23,1
DA:25,1
DA:26,4
DA:27,4
DA:29,1
DA:30,1
DA:31,0
DA:32,0
DA:42,1
DA:43,1
DA:44,1
DA:46,1
DA:47,1
DA:48,2
DA:49,2
DA:53,0
DA:54,1
DA:55,1
DA:56,1
DA:57,2
DA:58,2
LF:28
LH:25
end_of_record
